# JRE version: Java(TM) SE Runtime Environment (8.0_121-b13) (build 1.8.0_121-b13)
# Java VM: Java HotSpot(TM) 64-Bit Server VM (25.121-b13 mixed mode windows-amd64 compressed oops)
Heap:
 PSYoungGen      total 76288K, used 34523K [0x00000000d5580000, 0x00000000dea80000, 0x0000000100000000)
  eden space 65536K, 52% used [0x00000000d5580000,0x00000000d7736d18,0x00000000d9580000)
  from space 10752K, 0% used [0x00000000da000000,0x00000000da000000,0x00000000daa80000)
  to   space 10752K, 0% used [0x00000000d9580000,0x00000000d9580000,0x00000000da000000)
 ParOldGen       total 141312K, used 12520K [0x0000000080000000, 0x0000000088a00000, 0x00000000d5580000)
  object space 141312K, 8% used [0x0000000080000000,0x0000000080c3a100,0x0000000088a00000)
 Metaspace       used 23845K, capacity 24204K, committed 24448K, reserved 1071104K
  class space    used 3292K, capacity 3423K, committed 3456K, reserved 1048576K
GC Heap History (6 events):
Event: 0.927 GC heap before
{Heap before GC invocations=1 (full 0):
 PSYoungGen      total 76288K, used 65536K [0x00000000d5580000, 0x00000000daa80000, 0x0000000100000000)
  eden space 65536K, 100% used [0x00000000d5580000,0x00000000d9580000,0x00000000d9580000)
  from space 10752K, 0% used [0x00000000da000000,0x00000000da000000,0x00000000daa80000)
  to   space 10752K, 0% used [0x00000000d9580000,0x00000000d9580000,0x00000000da000000)
 ParOldGen       total 175104K, used 0K [0x0000000080000000, 0x000000008ab00000, 0x00000000d5580000)
  object space 175104K, 0% used [0x0000000080000000,0x0000000080000000,0x000000008ab00000)
 Metaspace       used 12682K, capacity 13048K, committed 13184K, reserved 1060864K
  class space    used 1702K, capacity 1831K, committed 1920K, reserved 1048576K
Event: 0.934 GC heap after
Heap after GC invocations=1 (full 0):
 PSYoungGen      total 76288K, used 7821K [0x00000000d5580000, 0x00000000daa80000, 0x0000000100000000)
  eden space 65536K, 0% used [0x00000000d5580000,0x00000000d5580000,0x00000000d9580000)
  from space 10752K, 72% used [0x00000000d9580000,0x00000000d9d234b8,0x00000000da000000)
  to   space 10752K, 0% used [0x00000000da000000,0x00000000da000000,0x00000000daa80000)
 ParOldGen       total 175104K, used 16K [0x0000000080000000, 0x000000008ab00000, 0x00000000d5580000)
  object space 175104K, 0% used [0x0000000080000000,0x0000000080004000,0x000000008ab00000)
 Metaspace       used 12682K, capacity 13048K, committed 13184K, reserved 1060864K
  class space    used 1702K, capacity 1831K, committed 1920K, reserved 1048576K
}
Event: 1.534 GC heap before
{Heap before GC invocations=2 (full 0):
 PSYoungGen      total 76288K, used 68806K [0x00000000d5580000, 0x00000000daa80000, 0x0000000100000000)
  eden space 65536K, 93% used [0x00000000d5580000,0x00000000d910e350,0x00000000d9580000)
  from space 10752K, 72% used [0x00000000d9580000,0x00000000d9d234b8,0x00000000da000000)
  to   space 10752K, 0% used [0x00000000da000000,0x00000000da000000,0x00000000daa80000)
 ParOldGen       total 175104K, used 16K [0x0000000080000000, 0x000000008ab00000, 0x00000000d5580000)
  object space 175104K, 0% used [0x0000000080000000,0x0000000080004000,0x000000008ab00000)
 Metaspace       used 20765K, capacity 21070K, committed 21248K, reserved 1067008K
  class space    used 2839K, capacity 2962K, committed 3072K, reserved 1048576K
Event: 1.560 GC heap after
Heap after GC invocations=2 (full 0):
 PSYoungGen      total 76288K, used 10747K [0x00000000d5580000, 0x00000000dea80000, 0x0000000100000000)
  eden space 65536K, 0% used [0x00000000d5580000,0x00000000d5580000,0x00000000d9580000)
  from space 10752K, 99% used [0x00000000da000000,0x00000000daa7ec10,0x00000000daa80000)
  to   space 10752K, 0% used [0x00000000d9580000,0x00000000d9580000,0x00000000da000000)
 ParOldGen       total 175104K, used 2227K [0x0000000080000000, 0x000000008ab00000, 0x00000000d5580000)
  object space 175104K, 1% used [0x0000000080000000,0x000000008022ce38,0x000000008ab00000)
 Metaspace       used 20765K, capacity 21070K, committed 21248K, reserved 1067008K
  class space    used 2839K, capacity 2962K, committed 3072K, reserved 1048576K
}
Event: 1.561 GC heap before
{Heap before GC invocations=3 (full 1):
 PSYoungGen      total 76288K, used 10747K [0x00000000d5580000, 0x00000000dea80000, 0x0000000100000000)
  eden space 65536K, 0% used [0x00000000d5580000,0x00000000d5580000,0x00000000d9580000)
  from space 10752K, 99% used [0x00000000da000000,0x00000000daa7ec10,0x00000000daa80000)
  to   space 10752K, 0% used [0x00000000d9580000,0x00000000d9580000,0x00000000da000000)
 ParOldGen       total 175104K, used 2227K [0x0000000080000000, 0x000000008ab00000, 0x00000000d5580000)
  object space 175104K, 1% used [0x0000000080000000,0x000000008022ce38,0x000000008ab00000)
 Metaspace       used 20765K, capacity 21070K, committed 21248K, reserved 1067008K
  class space    used 2839K, capacity 2962K, committed 3072K, reserved 1048576K
Event: 2.095 GC heap after
Heap after GC invocations=3 (full 1):
 PSYoungGen      total 76288K, used 0K [0x00000000d5580000, 0x00000000dea80000, 0x0000000100000000)
  eden space 65536K, 0% used [0x00000000d5580000,0x00000000d5580000,0x00000000d9580000)
  from space 10752K, 0% used [0x00000000da000000,0x00000000da000000,0x00000000daa80000)
  to   space 10752K, 0% used [0x00000000d9580000,0x00000000d9580000,0x00000000da000000)
 ParOldGen       total 141312K, used 12520K [0x0000000080000000, 0x0000000088a00000, 0x00000000d5580000)
  object space 141312K, 8% used [0x0000000080000000,0x0000000080c3a100,0x0000000088a00000)
 Metaspace       used 20765K, capacity 21070K, committed 21248K, reserved 1067008K
  class space    used 2839K, capacity 2962K, committed 3072K, reserved 1048576K
}

